<?xml version="1.0" encoding="UTF-8"?>
<!-- Generated by org.testng.reporters.JUnitXMLReporter -->
<testsuite ignored="1" hostname="dkadev-qaa" failures="0" tests="1" name="Default test" time="5.744" errors="0" timestamp="2023-11-21T12:43:24 CET">
  <testcase classname="POSTAPIs.OAuth2Test" name="getFlightPriceListTest" time="3.51"/>
  <testcase classname="POSTAPIs.OAuth2Test" name="getFlightInfoListTest" time="0.0">
    <ignored/>
  </testcase> <!-- getFlightInfoListTest -->
</testsuite> <!-- Default test -->
