<?xml version="1.0" encoding="UTF-8"?>
<!-- Generated by org.testng.reporters.JUnitXMLReporter -->
<testsuite ignored="1" hostname="dkadev-qaa" failures="0" tests="3" name="Default test" time="2.326" errors="0" timestamp="2023-11-15T05:03:53 CET">
  <testcase classname="GETAPIs.GETAPIRequestWithPathParam" name="getCircuitDataAPIWith_Year_DataProviderTest" time="1.957"/>
  <testcase classname="GETAPIs.GETAPIRequestWithPathParam" name="getCircuitDataAPIWith_Year_DataProviderTest" time="0.174"/>
  <testcase classname="GETAPIs.GETAPIRequestWithPathParam" name="getCircuitDataAPIWith_Year_DataProviderTest" time="0.153"/>
  <testcase classname="GETAPIs.GETAPIRequestWithPathParam" name="getCircuitDataAPIWith_YearTest" time="0.0">
    <ignored/>
  </testcase> <!-- getCircuitDataAPIWith_YearTest -->
</testsuite> <!-- Default test -->
