<?xml version="1.0" encoding="UTF-8"?>
<testng-results ignored="1" total="4" passed="3" failed="0" skipped="0">
  <reporter-output>
  </reporter-output>
  <suite started-at="2023-11-15T05:03:51 CET" name="Default suite" finished-at="2023-11-15T05:03:53 CET" duration-ms="2326">
    <groups>
    </groups>
    <test started-at="2023-11-15T05:03:51 CET" name="Default test" finished-at="2023-11-15T05:03:53 CET" duration-ms="2326">
      <class name="GETAPIs.GETAPIRequestWithPathParam">
        <test-method signature="getCircuitDataAPIWith_Year_DataProviderTest(java.lang.String, int)[pri:0, instance:GETAPIs.GETAPIRequestWithPathParam@29176cc1]" started-at="2023-11-15T05:03:51 CET" name="getCircuitDataAPIWith_Year_DataProviderTest" data-provider="yearTestData" finished-at="2023-11-15T05:03:53 CET" duration-ms="1957" status="PASS">
          <params>
            <param index="0">
              <value>
                <![CDATA[2016]]>
              </value>
            </param>
            <param index="1">
              <value>
                <![CDATA[21]]>
              </value>
            </param>
          </params>
          <reporter-output>
          </reporter-output>
        </test-method> <!-- getCircuitDataAPIWith_Year_DataProviderTest -->
        <test-method signature="getCircuitDataAPIWith_Year_DataProviderTest(java.lang.String, int)[pri:0, instance:GETAPIs.GETAPIRequestWithPathParam@29176cc1]" started-at="2023-11-15T05:03:53 CET" name="getCircuitDataAPIWith_Year_DataProviderTest" data-provider="yearTestData" finished-at="2023-11-15T05:03:53 CET" duration-ms="174" status="PASS">
          <params>
            <param index="0">
              <value>
                <![CDATA[2017]]>
              </value>
            </param>
            <param index="1">
              <value>
                <![CDATA[20]]>
              </value>
            </param>
          </params>
          <reporter-output>
          </reporter-output>
        </test-method> <!-- getCircuitDataAPIWith_Year_DataProviderTest -->
        <test-method signature="getCircuitDataAPIWith_Year_DataProviderTest(java.lang.String, int)[pri:0, instance:GETAPIs.GETAPIRequestWithPathParam@29176cc1]" started-at="2023-11-15T05:03:53 CET" name="getCircuitDataAPIWith_Year_DataProviderTest" data-provider="yearTestData" finished-at="2023-11-15T05:03:53 CET" duration-ms="153" status="PASS">
          <params>
            <param index="0">
              <value>
                <![CDATA[1966]]>
              </value>
            </param>
            <param index="1">
              <value>
                <![CDATA[9]]>
              </value>
            </param>
          </params>
          <reporter-output>
          </reporter-output>
        </test-method> <!-- getCircuitDataAPIWith_Year_DataProviderTest -->
      </class> <!-- GETAPIs.GETAPIRequestWithPathParam -->
    </test> <!-- Default test -->
  </suite> <!-- Default suite -->
</testng-results>
