<?xml version="1.0" encoding="UTF-8"?>
<testng-results ignored="0" total="1" passed="1" failed="0" skipped="0">
  <reporter-output>
  </reporter-output>
  <suite started-at="2023-11-14T10:43:49 CET" name="Default suite" finished-at="2023-11-14T10:43:51 CET" duration-ms="1854">
    <groups>
    </groups>
    <test started-at="2023-11-14T10:43:49 CET" name="Default test" finished-at="2023-11-14T10:43:51 CET" duration-ms="1854">
      <class name="GETAPIs.GETAPIRequestWithBDDTest">
        <test-method signature="getProductsTest()[pri:0, instance:GETAPIs.GETAPIRequestWithBDDTest@233fe9b6]" started-at="2023-11-14T10:43:49 CET" name="getProductsTest" finished-at="2023-11-14T10:43:51 CET" duration-ms="1823" status="PASS">
          <reporter-output>
          </reporter-output>
        </test-method> <!-- getProductsTest -->
      </class> <!-- GETAPIs.GETAPIRequestWithBDDTest -->
    </test> <!-- Default test -->
  </suite> <!-- Default suite -->
</testng-results>
